<?xml version="1.0" encoding="UTF-8"?>
<testng-results skipped="0" failed="0" total="1" passed="1">
  <reporter-output>
  </reporter-output>
  <suite name="Default suite" duration-ms="11134" started-at="2019-05-02T10:05:25Z" finished-at="2019-05-02T10:05:36Z">
    <groups>
    </groups>
    <test name="Default test" duration-ms="11134" started-at="2019-05-02T10:05:25Z" finished-at="2019-05-02T10:05:36Z">
      <class name="ApplicationPagesTestCases.PaymentPageTest">
        <test-method status="PASS" signature="selectBrowser()[pri:0, instance:ApplicationPagesTestCases.PaymentPageTest@5594a1b5]" name="selectBrowser" is-config="true" duration-ms="6792" started-at="2019-05-02T15:35:25Z" finished-at="2019-05-02T15:35:32Z">
          <reporter-output>
          </reporter-output>
        </test-method> <!-- selectBrowser -->
        <test-method status="PASS" signature="validateSuccessfulpayment()[pri:0, instance:ApplicationPagesTestCases.PaymentPageTest@5594a1b5]" name="validateSuccessfulpayment" duration-ms="2226" started-at="2019-05-02T15:35:32Z" finished-at="2019-05-02T15:35:34Z">
          <reporter-output>
          </reporter-output>
        </test-method> <!-- validateSuccessfulpayment -->
        <test-method status="PASS" signature="quit()[pri:0, instance:ApplicationPagesTestCases.PaymentPageTest@5594a1b5]" name="quit" is-config="true" duration-ms="2105" started-at="2019-05-02T15:35:34Z" finished-at="2019-05-02T15:35:36Z">
          <reporter-output>
          </reporter-output>
        </test-method> <!-- quit -->
      </class> <!-- ApplicationPagesTestCases.PaymentPageTest -->
    </test> <!-- Default test -->
  </suite> <!-- Default suite -->
</testng-results>
