<?xml version="1.0" encoding="UTF-8"?>
<testng-results skipped="0" failed="0" total="1" passed="1">
  <reporter-output>
  </reporter-output>
  <suite name="webautomationsuite" duration-ms="10405" started-at="2019-05-05T12:11:52Z" finished-at="2019-05-05T12:12:03Z">
    <groups>
    </groups>
    <test name="PaymentGatewayTest" duration-ms="10405" started-at="2019-05-05T12:11:52Z" finished-at="2019-05-05T12:12:03Z">
      <class name="ApplicationPagesTestCases.PaymentPageTest">
        <test-method status="PASS" signature="selectBrowser()[pri:0, instance:ApplicationPagesTestCases.PaymentPageTest@2e9329e9]" name="selectBrowser" is-config="true" duration-ms="6792" started-at="2019-05-05T17:41:52Z" finished-at="2019-05-05T17:41:59Z">
          <reporter-output>
          </reporter-output>
        </test-method> <!-- selectBrowser -->
        <test-method status="PASS" signature="validateSuccessfulpayment()[pri:0, instance:ApplicationPagesTestCases.PaymentPageTest@2e9329e9]" name="validateSuccessfulpayment" duration-ms="3251" started-at="2019-05-05T17:41:59Z" finished-at="2019-05-05T17:42:03Z">
          <reporter-output>
          </reporter-output>
        </test-method> <!-- validateSuccessfulpayment -->
        <test-method status="PASS" signature="quit()[pri:0, instance:ApplicationPagesTestCases.PaymentPageTest@2e9329e9]" name="quit" is-config="true" duration-ms="55" started-at="2019-05-05T17:42:03Z" finished-at="2019-05-05T17:42:03Z">
          <reporter-output>
          </reporter-output>
        </test-method> <!-- quit -->
      </class> <!-- ApplicationPagesTestCases.PaymentPageTest -->
    </test> <!-- PaymentGatewayTest -->
  </suite> <!-- webautomationsuite -->
</testng-results>
