<?xml version="1.0" encoding="UTF-8"?>
<!-- Generated by org.testng.reporters.JUnitXMLReporter -->
<testsuite hostname="RajanSardana" name="PaymentGatewayTest" tests="1" failures="0" timestamp="2 May 2019 07:43:58 GMT" time="0.091" errors="0">
  <testcase name="@BeforeMethod selectBrowser" time="0.0" classname="ApplicationPagesTestCases.PaymentPageTest">
    <failure type="java.lang.IllegalStateException" message="The driver executable does not exist: E:\java\chromedriver_2.35\chromedriver.exe">
      <![CDATA[java.lang.IllegalStateException: The driver executable does not exist: E:\java\chromedriver_2.35\chromedriver.exe
	at com.google.common.base.Preconditions.checkState(Preconditions.java:197)
	at org.openqa.selenium.remote.service.DriverService.checkExecutable(DriverService.java:121)
	at org.openqa.selenium.remote.service.DriverService.findExecutable(DriverService.java:116)
	at org.openqa.selenium.chrome.ChromeDriverService.access$000(ChromeDriverService.java:32)
	at org.openqa.selenium.chrome.ChromeDriverService$Builder.findDefaultExecutable(ChromeDriverService.java:137)
	at org.openqa.selenium.remote.service.DriverService$Builder.build(DriverService.java:296)
	at org.openqa.selenium.chrome.ChromeDriverService.createDefaultService(ChromeDriverService.java:88)
	at org.openqa.selenium.chrome.ChromeDriver.<init>(ChromeDriver.java:116)
	at ApplicationPagesTestCases.PaymentPageTest.selectBrowser(PaymentPageTest.java:34)
... Removed 26 stack frames]]>
    </failure>
  </testcase> <!-- @BeforeMethod selectBrowser -->
  <testcase name="@AfterMethod quit" time="0.0" classname="ApplicationPagesTestCases.PaymentPageTest">
    <skipped/>
  </testcase> <!-- @AfterMethod quit -->
  <testcase name="validateSuccessfulpayment" time="0.0" classname="ApplicationPagesTestCases.PaymentPageTest">
    <skipped/>
  </testcase> <!-- validateSuccessfulpayment -->
</testsuite> <!-- PaymentGatewayTest -->
